2021-02-03 16:18:24,930 INFO o.s.b.StartupInfoLogger:55  [main] Starting Application on utah with PID 80560 (/Users/pook/git/dds-demo1-service/target/classes started by pook in /Users/pook/git/dds-demo1-service)
2021-02-03 16:18:24,937 DEBUG o.s.b.StartupInfoLogger:56  [main] Running with Spring Boot v2.3.4.RELEASE, Spring v5.2.9.RELEASE
2021-02-03 16:18:24,938 INFO o.s.b.SpringApplication:655  [main] The following profiles are active: dev
2021-02-03 16:18:25,915 INFO o.s.b.w.e.t.TomcatWebServer:108  [main] Tomcat initialized with port(s): 8087 (http)
2021-02-03 16:18:25,929 INFO o.a.j.l.DirectJDKLog:173  [main] Initializing ProtocolHandler ["http-nio-8087"]
2021-02-03 16:18:25,929 INFO o.a.j.l.DirectJDKLog:173  [main] Starting service [Tomcat]
2021-02-03 16:18:25,930 INFO o.a.j.l.DirectJDKLog:173  [main] Starting Servlet engine: [Apache Tomcat/9.0.38]
2021-02-03 16:18:26,015 INFO o.a.j.l.DirectJDKLog:173  [main] Initializing Spring embedded WebApplicationContext
2021-02-03 16:18:26,016 INFO o.s.b.w.s.c.ServletWebServerApplicationContext:285  [main] Root WebApplicationContext: initialization completed in 863 ms
2021-02-03 16:18:26,469 INFO o.s.s.c.ExecutorConfigurationSupport:181  [main] Initializing ExecutorService 'applicationTaskExecutor'
2021-02-03 16:18:26,946 INFO o.s.s.c.ExecutorConfigurationSupport:181  [main] Initializing ExecutorService 'taskScheduler'
2021-02-03 16:18:27,018 INFO o.a.k.c.c.AbstractConfig:347  [main] AdminClientConfig values: 
	bootstrap.servers = [192.168.157.156:9092]
	client.dns.lookup = default
	client.id = 
	connections.max.idle.ms = 300000
	default.api.timeout.ms = 60000
	metadata.max.age.ms = 300000
	metric.reporters = []
	metrics.num.samples = 2
	metrics.recording.level = INFO
	metrics.sample.window.ms = 30000
	receive.buffer.bytes = 65536
	reconnect.backoff.max.ms = 1000
	reconnect.backoff.ms = 50
	request.timeout.ms = 30000
	retries = 2147483647
	retry.backoff.ms = 100
	sasl.client.callback.handler.class = null
	sasl.jaas.config = null
	sasl.kerberos.kinit.cmd = /usr/bin/kinit
	sasl.kerberos.min.time.before.relogin = 60000
	sasl.kerberos.service.name = null
	sasl.kerberos.ticket.renew.jitter = 0.05
	sasl.kerberos.ticket.renew.window.factor = 0.8
	sasl.login.callback.handler.class = null
	sasl.login.class = null
	sasl.login.refresh.buffer.seconds = 300
	sasl.login.refresh.min.period.seconds = 60
	sasl.login.refresh.window.factor = 0.8
	sasl.login.refresh.window.jitter = 0.05
	sasl.mechanism = GSSAPI
	security.protocol = PLAINTEXT
	security.providers = null
	send.buffer.bytes = 131072
	ssl.cipher.suites = null
	ssl.enabled.protocols = [TLSv1.2]
	ssl.endpoint.identification.algorithm = https
	ssl.key.password = null
	ssl.keymanager.algorithm = SunX509
	ssl.keystore.location = null
	ssl.keystore.password = null
	ssl.keystore.type = JKS
	ssl.protocol = TLSv1.2
	ssl.provider = null
	ssl.secure.random.implementation = null
	ssl.trustmanager.algorithm = PKIX
	ssl.truststore.location = null
	ssl.truststore.password = null
	ssl.truststore.type = JKS

2021-02-03 16:18:27,071 INFO o.a.k.c.u.AppInfoParser$AppInfo:117  [main] Kafka version: 2.5.1
2021-02-03 16:18:27,071 INFO o.a.k.c.u.AppInfoParser$AppInfo:118  [main] Kafka commitId: 0efa8fb0f4c73d92
2021-02-03 16:18:27,072 INFO o.a.k.c.u.AppInfoParser$AppInfo:119  [main] Kafka startTimeMs: 1612343907069
2021-02-03 16:18:27,082 ERROR o.s.c.l.LogAccessor:149  [main] Failed to create topics
org.apache.kafka.common.errors.InvalidTopicException: The given topic name 'null' cannot be represented in a request.
2021-02-03 16:18:27,085 ERROR o.s.c.l.LogAccessor:149  [main] Could not configure topics
org.springframework.kafka.KafkaException: Failed to create topics; nested exception is org.apache.kafka.common.errors.InvalidTopicException: The given topic name 'null' cannot be represented in a request.
	at org.springframework.kafka.core.KafkaAdmin.addTopics(KafkaAdmin.java:281) ~[spring-kafka-2.5.6.RELEASE.jar:2.5.6.RELEASE]
	at org.springframework.kafka.core.KafkaAdmin.addTopicsIfNeeded(KafkaAdmin.java:221) ~[spring-kafka-2.5.6.RELEASE.jar:2.5.6.RELEASE]
	at org.springframework.kafka.core.KafkaAdmin.initialize(KafkaAdmin.java:189) [spring-kafka-2.5.6.RELEASE.jar:2.5.6.RELEASE]
	at org.springframework.kafka.core.KafkaAdmin.afterSingletonsInstantiated(KafkaAdmin.java:157) [spring-kafka-2.5.6.RELEASE.jar:2.5.6.RELEASE]
	at org.springframework.beans.factory.support.DefaultListableBeanFactory.preInstantiateSingletons(DefaultListableBeanFactory.java:914) [spring-beans-5.2.9.RELEASE.jar:5.2.9.RELEASE]
	at org.springframework.context.support.AbstractApplicationContext.finishBeanFactoryInitialization(AbstractApplicationContext.java:879) [spring-context-5.2.9.RELEASE.jar:5.2.9.RELEASE]
	at org.springframework.context.support.AbstractApplicationContext.refresh(AbstractApplicationContext.java:551) [spring-context-5.2.9.RELEASE.jar:5.2.9.RELEASE]
	at org.springframework.boot.web.servlet.context.ServletWebServerApplicationContext.refresh(ServletWebServerApplicationContext.java:143) [spring-boot-2.3.4.RELEASE.jar:2.3.4.RELEASE]
	at org.springframework.boot.SpringApplication.refresh(SpringApplication.java:758) [spring-boot-2.3.4.RELEASE.jar:2.3.4.RELEASE]
	at org.springframework.boot.SpringApplication.refresh(SpringApplication.java:750) [spring-boot-2.3.4.RELEASE.jar:2.3.4.RELEASE]
	at org.springframework.boot.SpringApplication.refreshContext(SpringApplication.java:397) [spring-boot-2.3.4.RELEASE.jar:2.3.4.RELEASE]
	at org.springframework.boot.SpringApplication.run(SpringApplication.java:315) [spring-boot-2.3.4.RELEASE.jar:2.3.4.RELEASE]
	at org.springframework.boot.SpringApplication.run(SpringApplication.java:1237) [spring-boot-2.3.4.RELEASE.jar:2.3.4.RELEASE]
	at org.springframework.boot.SpringApplication.run(SpringApplication.java:1226) [spring-boot-2.3.4.RELEASE.jar:2.3.4.RELEASE]
	at com.aec.demo.Application.main(Application.java:14) [classes/:?]
Caused by: org.apache.kafka.common.errors.InvalidTopicException: The given topic name 'null' cannot be represented in a request.
2021-02-03 16:18:27,097 INFO o.a.k.c.a.i.AdminMetadataManager:235  [kafka-admin-client-thread | adminclient-1] [AdminClient clientId=adminclient-1] Metadata update failed
org.apache.kafka.common.errors.TimeoutException: Call(callName=fetchMetadata, deadlineMs=1612343937073) timed out at 9223372036854775807 after 1 attempt(s)
Caused by: org.apache.kafka.common.errors.TimeoutException: Timed out waiting to send the call.
2021-02-03 16:18:27,123 WARN o.s.c.s.AbstractApplicationContext:559  [main] Exception encountered during context initialization - cancelling refresh attempt: org.springframework.context.ApplicationContextException: Failed to start bean 'org.springframework.kafka.config.internalKafkaListenerEndpointRegistry'; nested exception is org.apache.kafka.common.config.ConfigException: Invalid value null for configuration bootstrap.servers: entry must be non null
2021-02-03 16:18:27,123 INFO o.s.s.c.ExecutorConfigurationSupport:218  [main] Shutting down ExecutorService 'taskScheduler'
2021-02-03 16:18:27,125 INFO o.s.s.c.ExecutorConfigurationSupport:218  [main] Shutting down ExecutorService 'applicationTaskExecutor'
2021-02-03 16:18:27,127 INFO o.a.j.l.DirectJDKLog:173  [main] Stopping service [Tomcat]
2021-02-03 16:18:27,136 INFO o.s.b.a.l.ConditionEvaluationReportLoggingListener:136  [main] 

Error starting ApplicationContext. To display the conditions report re-run your application with 'debug' enabled.
2021-02-03 16:18:27,142 ERROR o.s.b.SpringApplication:837  [main] Application run failed
org.springframework.context.ApplicationContextException: Failed to start bean 'org.springframework.kafka.config.internalKafkaListenerEndpointRegistry'; nested exception is org.apache.kafka.common.config.ConfigException: Invalid value null for configuration bootstrap.servers: entry must be non null
	at org.springframework.context.support.DefaultLifecycleProcessor.doStart(DefaultLifecycleProcessor.java:185) ~[spring-context-5.2.9.RELEASE.jar:5.2.9.RELEASE]
	at org.springframework.context.support.DefaultLifecycleProcessor.access$200(DefaultLifecycleProcessor.java:53) ~[spring-context-5.2.9.RELEASE.jar:5.2.9.RELEASE]
	at org.springframework.context.support.DefaultLifecycleProcessor$LifecycleGroup.start(DefaultLifecycleProcessor.java:360) ~[spring-context-5.2.9.RELEASE.jar:5.2.9.RELEASE]
	at org.springframework.context.support.DefaultLifecycleProcessor.startBeans(DefaultLifecycleProcessor.java:158) ~[spring-context-5.2.9.RELEASE.jar:5.2.9.RELEASE]
	at org.springframework.context.support.DefaultLifecycleProcessor.onRefresh(DefaultLifecycleProcessor.java:122) ~[spring-context-5.2.9.RELEASE.jar:5.2.9.RELEASE]
	at org.springframework.context.support.AbstractApplicationContext.finishRefresh(AbstractApplicationContext.java:895) ~[spring-context-5.2.9.RELEASE.jar:5.2.9.RELEASE]
	at org.springframework.context.support.AbstractApplicationContext.refresh(AbstractApplicationContext.java:554) ~[spring-context-5.2.9.RELEASE.jar:5.2.9.RELEASE]
	at org.springframework.boot.web.servlet.context.ServletWebServerApplicationContext.refresh(ServletWebServerApplicationContext.java:143) ~[spring-boot-2.3.4.RELEASE.jar:2.3.4.RELEASE]
	at org.springframework.boot.SpringApplication.refresh(SpringApplication.java:758) ~[spring-boot-2.3.4.RELEASE.jar:2.3.4.RELEASE]
	at org.springframework.boot.SpringApplication.refresh(SpringApplication.java:750) [spring-boot-2.3.4.RELEASE.jar:2.3.4.RELEASE]
	at org.springframework.boot.SpringApplication.refreshContext(SpringApplication.java:397) [spring-boot-2.3.4.RELEASE.jar:2.3.4.RELEASE]
	at org.springframework.boot.SpringApplication.run(SpringApplication.java:315) [spring-boot-2.3.4.RELEASE.jar:2.3.4.RELEASE]
	at org.springframework.boot.SpringApplication.run(SpringApplication.java:1237) [spring-boot-2.3.4.RELEASE.jar:2.3.4.RELEASE]
	at org.springframework.boot.SpringApplication.run(SpringApplication.java:1226) [spring-boot-2.3.4.RELEASE.jar:2.3.4.RELEASE]
	at com.aec.demo.Application.main(Application.java:14) [classes/:?]
Caused by: org.apache.kafka.common.config.ConfigException: Invalid value null for configuration bootstrap.servers: entry must be non null
	at org.apache.kafka.common.config.ConfigDef$NonNullValidator.ensureValid(ConfigDef.java:983) ~[kafka-clients-2.5.1.jar:?]
	at org.apache.kafka.common.config.ConfigDef.parseValue(ConfigDef.java:483) ~[kafka-clients-2.5.1.jar:?]
	at org.apache.kafka.common.config.ConfigDef.parse(ConfigDef.java:467) ~[kafka-clients-2.5.1.jar:?]
	at org.apache.kafka.common.config.AbstractConfig.<init>(AbstractConfig.java:108) ~[kafka-clients-2.5.1.jar:?]
	at org.apache.kafka.common.config.AbstractConfig.<init>(AbstractConfig.java:129) ~[kafka-clients-2.5.1.jar:?]
	at org.apache.kafka.clients.consumer.ConsumerConfig.<init>(ConsumerConfig.java:542) ~[kafka-clients-2.5.1.jar:?]
	at org.apache.kafka.clients.consumer.KafkaConsumer.<init>(KafkaConsumer.java:631) ~[kafka-clients-2.5.1.jar:?]
	at org.springframework.kafka.core.DefaultKafkaConsumerFactory.createRawConsumer(DefaultKafkaConsumerFactory.java:340) ~[spring-kafka-2.5.6.RELEASE.jar:2.5.6.RELEASE]
	at org.springframework.kafka.core.DefaultKafkaConsumerFactory.createKafkaConsumer(DefaultKafkaConsumerFactory.java:308) ~[spring-kafka-2.5.6.RELEASE.jar:2.5.6.RELEASE]
	at org.springframework.kafka.core.DefaultKafkaConsumerFactory.createConsumerWithAdjustedProperties(DefaultKafkaConsumerFactory.java:293) ~[spring-kafka-2.5.6.RELEASE.jar:2.5.6.RELEASE]
	at org.springframework.kafka.core.DefaultKafkaConsumerFactory.createKafkaConsumer(DefaultKafkaConsumerFactory.java:267) ~[spring-kafka-2.5.6.RELEASE.jar:2.5.6.RELEASE]
	at org.springframework.kafka.core.DefaultKafkaConsumerFactory.createConsumer(DefaultKafkaConsumerFactory.java:241) ~[spring-kafka-2.5.6.RELEASE.jar:2.5.6.RELEASE]
	at org.springframework.kafka.listener.KafkaMessageListenerContainer$ListenerConsumer.<init>(KafkaMessageListenerContainer.java:606) ~[spring-kafka-2.5.6.RELEASE.jar:2.5.6.RELEASE]
	at org.springframework.kafka.listener.KafkaMessageListenerContainer.doStart(KafkaMessageListenerContainer.java:302) ~[spring-kafka-2.5.6.RELEASE.jar:2.5.6.RELEASE]
	at org.springframework.kafka.listener.AbstractMessageListenerContainer.start(AbstractMessageListenerContainer.java:338) ~[spring-kafka-2.5.6.RELEASE.jar:2.5.6.RELEASE]
	at org.springframework.kafka.listener.ConcurrentMessageListenerContainer.doStart(ConcurrentMessageListenerContainer.java:204) ~[spring-kafka-2.5.6.RELEASE.jar:2.5.6.RELEASE]
	at org.springframework.kafka.listener.AbstractMessageListenerContainer.start(AbstractMessageListenerContainer.java:338) ~[spring-kafka-2.5.6.RELEASE.jar:2.5.6.RELEASE]
	at org.springframework.kafka.config.KafkaListenerEndpointRegistry.startIfNecessary(KafkaListenerEndpointRegistry.java:312) ~[spring-kafka-2.5.6.RELEASE.jar:2.5.6.RELEASE]
	at org.springframework.kafka.config.KafkaListenerEndpointRegistry.start(KafkaListenerEndpointRegistry.java:257) ~[spring-kafka-2.5.6.RELEASE.jar:2.5.6.RELEASE]
	at org.springframework.context.support.DefaultLifecycleProcessor.doStart(DefaultLifecycleProcessor.java:182) ~[spring-context-5.2.9.RELEASE.jar:5.2.9.RELEASE]
	... 14 more
