2021-02-03 16:11:47,669 INFO o.s.b.StartupInfoLogger:55  [main] Starting Application on utah with PID 79299 (/Users/pook/git/dds-demo1-service/target/classes started by pook in /Users/pook/git/dds-demo1-service)
2021-02-03 16:11:47,676 DEBUG o.s.b.StartupInfoLogger:56  [main] Running with Spring Boot v2.3.4.RELEASE, Spring v5.2.9.RELEASE
2021-02-03 16:11:47,676 INFO o.s.b.SpringApplication:655  [main] The following profiles are active: dev
2021-02-03 16:11:48,809 INFO o.s.b.w.e.t.TomcatWebServer:108  [main] Tomcat initialized with port(s): 8087 (http)
2021-02-03 16:11:48,822 INFO o.a.j.l.DirectJDKLog:173  [main] Initializing ProtocolHandler ["http-nio-8087"]
2021-02-03 16:11:48,823 INFO o.a.j.l.DirectJDKLog:173  [main] Starting service [Tomcat]
2021-02-03 16:11:48,823 INFO o.a.j.l.DirectJDKLog:173  [main] Starting Servlet engine: [Apache Tomcat/9.0.38]
2021-02-03 16:11:48,895 INFO o.a.j.l.DirectJDKLog:173  [main] Initializing Spring embedded WebApplicationContext
2021-02-03 16:11:48,895 INFO o.s.b.w.s.c.ServletWebServerApplicationContext:285  [main] Root WebApplicationContext: initialization completed in 999 ms
2021-02-03 16:11:48,967 WARN o.s.c.s.AbstractApplicationContext:559  [main] Exception encountered during context initialization - cancelling refresh attempt: org.springframework.beans.factory.UnsatisfiedDependencyException: Error creating bean with name 'userHander': Unsatisfied dependency expressed through field 'userPublisher'; nested exception is org.springframework.beans.factory.NoSuchBeanDefinitionException: No qualifying bean of type 'com.aec.demo.dds.pub.UserPublisher' available: expected at least 1 bean which qualifies as autowire candidate. Dependency annotations: {@org.springframework.beans.factory.annotation.Autowired(required=true)}
2021-02-03 16:11:48,970 INFO o.a.j.l.DirectJDKLog:173  [main] Stopping service [Tomcat]
2021-02-03 16:11:48,992 INFO o.s.b.a.l.ConditionEvaluationReportLoggingListener:136  [main] 

Error starting ApplicationContext. To display the conditions report re-run your application with 'debug' enabled.
2021-02-03 16:11:49,116 ERROR o.s.b.d.LoggingFailureAnalysisReporter:40  [main] 

***************************
APPLICATION FAILED TO START
***************************

Description:

Field userPublisher in com.aec.demo.handler.UserHander required a bean of type 'com.aec.demo.dds.pub.UserPublisher' that could not be found.

The injection point has the following annotations:
	- @org.springframework.beans.factory.annotation.Autowired(required=true)


Action:

Consider defining a bean of type 'com.aec.demo.dds.pub.UserPublisher' in your configuration.

